Build started 8/18/2015 2:27:19 PM.
     1>Project "C:\Temp\moshkina\practice2-opencv-intro\sample_moshkina\sample_moshkina.vcxproj" on node 2 (rebuild target(s)).
     1>PrepareForBuild:
         Creating directory "C:\Temp\moshkina\practice2-opencv-intro\bin\".
       InitializeBuildStatus:
         Creating "sample_moshkina.dir\Debug\sample_moshkina.unsuccessfulbuild" because "AlwaysCreate" was specified.
       CustomBuild:
         Building Custom Rule C:/Temp/moshkina/practice2-opencv-intro/sample_moshkina/CMakeLists.txt
         CMake does not need to re-run because C:\Temp\moshkina\practice2-opencv-intro\sample_moshkina\CMakeFiles\generate.stamp is up-to-date.
       ClCompile:
         C:\Program Files (x86)\Microsoft Visual Studio 10.0\VC\bin\x86_amd64\CL.exe /c /I"C:/OpenCV-2.4.11/opencv/build/include" /I"C:/OpenCV-2.4.11/opencv/build/include/opencv" /Zi /nologo /W3 /WX- /Od /Ob0 /D WIN32 /D _WINDOWS /D _DEBUG /D "CMAKE_INTDIR=\"Debug\"" /D _MBCS /Gm- /EHsc /RTC1 /MDd /GS /fp:precise /Zc:wchar_t /Zc:forScope /GR /Fo"sample_moshkina.dir\Debug\\" /Fd"C:/Temp/moshkina/practice2-opencv-intro/bin/sample_moshkina.pdb" /Gd /TP /errorReport:prompt application.cpp main.cpp processing.cpp
         application.cpp
         main.cpp
         processing.cpp
         Generating Code...
       ManifestResourceCompile:
         C:\Program Files (x86)\Microsoft SDKs\Windows\v7.0A\bin\rc.exe /nologo /fo"sample_moshkina.dir\Debug\sample_moshkina.exe.embed.manifest.res" sample_moshkina.dir\Debug\sample_moshkina_manifest.rc 
       MakeDirsForLink:
         Creating directory "C:\Temp\moshkina\practice2-opencv-intro\lib\Debug\".
       Link:
         C:\Program Files (x86)\Microsoft Visual Studio 10.0\VC\bin\x86_amd64\link.exe /ERRORREPORT:PROMPT /OUT:"C:\Temp\moshkina\practice2-opencv-intro\bin\sample_moshkina.exe" /INCREMENTAL /NOLOGO kernel32.lib user32.lib gdi32.lib winspool.lib shell32.lib ole32.lib oleaut32.lib uuid.lib comdlg32.lib advapi32.lib "C:\OpenCV-2.4.11\opencv\build\x64\vc10\lib\opencv_videostab2411d.lib" "C:\OpenCV-2.4.11\opencv\build\x64\vc10\lib\opencv_video2411d.lib" "C:\OpenCV-2.4.11\opencv\build\x64\vc10\lib\opencv_ts2411d.lib" "C:\OpenCV-2.4.11\opencv\build\x64\vc10\lib\opencv_superres2411d.lib" "C:\OpenCV-2.4.11\opencv\build\x64\vc10\lib\opencv_stitching2411d.lib" "C:\OpenCV-2.4.11\opencv\build\x64\vc10\lib\opencv_photo2411d.lib" "C:\OpenCV-2.4.11\opencv\build\x64\vc10\lib\opencv_ocl2411d.lib" "C:\OpenCV-2.4.11\opencv\build\x64\vc10\lib\opencv_objdetect2411d.lib" "C:\OpenCV-2.4.11\opencv\build\x64\vc10\lib\opencv_nonfree2411d.lib" "C:\OpenCV-2.4.11\opencv\build\x64\vc10\lib\opencv_ml2411d.lib" "C:\OpenCV-2.4.11\opencv\build\x64\vc10\lib\opencv_legacy2411d.lib" "C:\OpenCV-2.4.11\opencv\build\x64\vc10\lib\opencv_imgproc2411d.lib" "C:\OpenCV-2.4.11\opencv\build\x64\vc10\lib\opencv_highgui2411d.lib" "C:\OpenCV-2.4.11\opencv\build\x64\vc10\lib\opencv_gpu2411d.lib" "C:\OpenCV-2.4.11\opencv\build\x64\vc10\lib\opencv_flann2411d.lib" "C:\OpenCV-2.4.11\opencv\build\x64\vc10\lib\opencv_features2d2411d.lib" "C:\OpenCV-2.4.11\opencv\build\x64\vc10\lib\opencv_core2411d.lib" "C:\OpenCV-2.4.11\opencv\build\x64\vc10\lib\opencv_contrib2411d.lib" "C:\OpenCV-2.4.11\opencv\build\x64\vc10\lib\opencv_calib3d2411d.lib" "C:\OpenCV-2.4.11\opencv\build\x64\vc10\lib\opencv_nonfree2411d.lib" "C:\OpenCV-2.4.11\opencv\build\x64\vc10\lib\opencv_ocl2411d.lib" "C:\OpenCV-2.4.11\opencv\build\x64\vc10\lib\opencv_gpu2411d.lib" "C:\OpenCV-2.4.11\opencv\build\x64\vc10\lib\opencv_photo2411d.lib" "C:\OpenCV-2.4.11\opencv\build\x64\vc10\lib\opencv_objdetect2411d.lib" "C:\OpenCV-2.4.11\opencv\build\x64\vc10\lib\opencv_legacy2411d.lib" "C:\OpenCV-2.4.11\opencv\build\x64\vc10\lib\opencv_video2411d.lib" "C:\OpenCV-2.4.11\opencv\build\x64\vc10\lib\opencv_ml2411d.lib" "C:\OpenCV-2.4.11\opencv\build\x64\vc10\lib\opencv_calib3d2411d.lib" "C:\OpenCV-2.4.11\opencv\build\x64\vc10\lib\opencv_features2d2411d.lib" "C:\OpenCV-2.4.11\opencv\build\x64\vc10\lib\opencv_highgui2411d.lib" "C:\OpenCV-2.4.11\opencv\build\x64\vc10\lib\opencv_imgproc2411d.lib" "C:\OpenCV-2.4.11\opencv\build\x64\vc10\lib\opencv_flann2411d.lib" "C:\OpenCV-2.4.11\opencv\build\x64\vc10\lib\opencv_core2411d.lib" /MANIFEST /ManifestFile:"sample_moshkina.dir\Debug\sample_moshkina.exe.intermediate.manifest" /MANIFESTUAC:"level='asInvoker' uiAccess='false'" /DEBUG /PDB:"C:/Temp/moshkina/practice2-opencv-intro/bin/sample_moshkina.pdb" /SUBSYSTEM:CONSOLE /TLBID:1 /DYNAMICBASE /NXCOMPAT /IMPLIB:"C:/Temp/moshkina/practice2-opencv-intro/lib/Debug/sample_moshkina.lib" /MACHINE:X64 sample_moshkina.dir\Debug\sample_moshkina.exe.embed.manifest.res
         sample_moshkina.dir\Debug\application.obj
         sample_moshkina.dir\Debug\main.obj
         sample_moshkina.dir\Debug\processing.obj  /machine:x64 /debug 
         sample_moshkina.vcxproj -> C:\Temp\moshkina\practice2-opencv-intro\bin\sample_moshkina.exe
       Manifest:
         Deleting file "sample_moshkina.dir\Debug\sample_moshkina.exe.embed.manifest".
         C:\Program Files (x86)\Microsoft SDKs\Windows\v7.0A\bin\mt.exe /nologo /verbose /out:"sample_moshkina.dir\Debug\sample_moshkina.exe.embed.manifest" /manifest sample_moshkina.dir\Debug\sample_moshkina.exe.intermediate.manifest
         C:\Program Files (x86)\Microsoft SDKs\Windows\v7.0A\bin\rc.exe /nologo /fo"sample_moshkina.dir\Debug\sample_moshkina.exe.embed.manifest.res" sample_moshkina.dir\Debug\sample_moshkina_manifest.rc 
       LinkEmbedManifest:
         C:\Program Files (x86)\Microsoft Visual Studio 10.0\VC\bin\x86_amd64\link.exe /ERRORREPORT:PROMPT /OUT:"C:\Temp\moshkina\practice2-opencv-intro\bin\sample_moshkina.exe" /INCREMENTAL /NOLOGO kernel32.lib user32.lib gdi32.lib winspool.lib shell32.lib ole32.lib oleaut32.lib uuid.lib comdlg32.lib advapi32.lib "C:\OpenCV-2.4.11\opencv\build\x64\vc10\lib\opencv_videostab2411d.lib" "C:\OpenCV-2.4.11\opencv\build\x64\vc10\lib\opencv_video2411d.lib" "C:\OpenCV-2.4.11\opencv\build\x64\vc10\lib\opencv_ts2411d.lib" "C:\OpenCV-2.4.11\opencv\build\x64\vc10\lib\opencv_superres2411d.lib" "C:\OpenCV-2.4.11\opencv\build\x64\vc10\lib\opencv_stitching2411d.lib" "C:\OpenCV-2.4.11\opencv\build\x64\vc10\lib\opencv_photo2411d.lib" "C:\OpenCV-2.4.11\opencv\build\x64\vc10\lib\opencv_ocl2411d.lib" "C:\OpenCV-2.4.11\opencv\build\x64\vc10\lib\opencv_objdetect2411d.lib" "C:\OpenCV-2.4.11\opencv\build\x64\vc10\lib\opencv_nonfree2411d.lib" "C:\OpenCV-2.4.11\opencv\build\x64\vc10\lib\opencv_ml2411d.lib" "C:\OpenCV-2.4.11\opencv\build\x64\vc10\lib\opencv_legacy2411d.lib" "C:\OpenCV-2.4.11\opencv\build\x64\vc10\lib\opencv_imgproc2411d.lib" "C:\OpenCV-2.4.11\opencv\build\x64\vc10\lib\opencv_highgui2411d.lib" "C:\OpenCV-2.4.11\opencv\build\x64\vc10\lib\opencv_gpu2411d.lib" "C:\OpenCV-2.4.11\opencv\build\x64\vc10\lib\opencv_flann2411d.lib" "C:\OpenCV-2.4.11\opencv\build\x64\vc10\lib\opencv_features2d2411d.lib" "C:\OpenCV-2.4.11\opencv\build\x64\vc10\lib\opencv_core2411d.lib" "C:\OpenCV-2.4.11\opencv\build\x64\vc10\lib\opencv_contrib2411d.lib" "C:\OpenCV-2.4.11\opencv\build\x64\vc10\lib\opencv_calib3d2411d.lib" "C:\OpenCV-2.4.11\opencv\build\x64\vc10\lib\opencv_nonfree2411d.lib" "C:\OpenCV-2.4.11\opencv\build\x64\vc10\lib\opencv_ocl2411d.lib" "C:\OpenCV-2.4.11\opencv\build\x64\vc10\lib\opencv_gpu2411d.lib" "C:\OpenCV-2.4.11\opencv\build\x64\vc10\lib\opencv_photo2411d.lib" "C:\OpenCV-2.4.11\opencv\build\x64\vc10\lib\opencv_objdetect2411d.lib" "C:\OpenCV-2.4.11\opencv\build\x64\vc10\lib\opencv_legacy2411d.lib" "C:\OpenCV-2.4.11\opencv\build\x64\vc10\lib\opencv_video2411d.lib" "C:\OpenCV-2.4.11\opencv\build\x64\vc10\lib\opencv_ml2411d.lib" "C:\OpenCV-2.4.11\opencv\build\x64\vc10\lib\opencv_calib3d2411d.lib" "C:\OpenCV-2.4.11\opencv\build\x64\vc10\lib\opencv_features2d2411d.lib" "C:\OpenCV-2.4.11\opencv\build\x64\vc10\lib\opencv_highgui2411d.lib" "C:\OpenCV-2.4.11\opencv\build\x64\vc10\lib\opencv_imgproc2411d.lib" "C:\OpenCV-2.4.11\opencv\build\x64\vc10\lib\opencv_flann2411d.lib" "C:\OpenCV-2.4.11\opencv\build\x64\vc10\lib\opencv_core2411d.lib" /MANIFEST /ManifestFile:"sample_moshkina.dir\Debug\sample_moshkina.exe.intermediate.manifest" /MANIFESTUAC:"level='asInvoker' uiAccess='false'" /DEBUG /PDB:"C:/Temp/moshkina/practice2-opencv-intro/bin/sample_moshkina.pdb" /SUBSYSTEM:CONSOLE /TLBID:1 /DYNAMICBASE /NXCOMPAT /IMPLIB:"C:/Temp/moshkina/practice2-opencv-intro/lib/Debug/sample_moshkina.lib" /MACHINE:X64 sample_moshkina.dir\Debug\sample_moshkina.exe.embed.manifest.res
         sample_moshkina.dir\Debug\application.obj
         sample_moshkina.dir\Debug\main.obj
         sample_moshkina.dir\Debug\processing.obj  /machine:x64 /debug 
         sample_moshkina.vcxproj -> C:\Temp\moshkina\practice2-opencv-intro\bin\sample_moshkina.exe
       FinalizeBuildStatus:
         Deleting file "sample_moshkina.dir\Debug\sample_moshkina.unsuccessfulbuild".
         Touching "sample_moshkina.dir\Debug\sample_moshkina.lastbuildstate".
     1>Done Building Project "C:\Temp\moshkina\practice2-opencv-intro\sample_moshkina\sample_moshkina.vcxproj" (rebuild target(s)).

Build succeeded.

Time Elapsed 00:00:02.96
